<?xml version="1.0" encoding="UTF-8"?>
<!-- Generated by org.testng.reporters.JUnitReportReporter -->
<testsuite skipped="0" hostname="MacBook-Pro-Konstantin.local" name="MainPageTest" tests="3" failures="0" timestamp="2019-03-06T20:55:39 EET" time="6.737" errors="0">
  <testcase name="registerHotelPageIsDisplayed" time="2.242" classname="MainPageTest"/>
  <testcase name="saveButtonIsDisplayed" time="2.262" classname="MainPageTest"/>
  <testcase name="dataSectionIsDisplayed" time="2.233" classname="MainPageTest"/>
</testsuite> <!-- MainPageTest -->
